{
    "level": "info",
    "message": "HTTP V2 REST API server is now running on http://localhost:9003"
}
{
    "level": "info",
    "message": "HTTP V2 REST API server is now running on http://localhost:9003"
}
{
    "level": "info",
    "message": "HTTP V2 REST API server is now running on http://localhost:9003"
}
{
    "code": "ENOTFOUND",
    "errno": -3008,
    "hostname": "containers-us-west-185.railway.app",
    "level": "error",
    "message": "Error during dataSource initialization. getaddrinfo ENOTFOUND containers-us-west-185.railway.app",
    "stack": "Error: getaddrinfo ENOTFOUND containers-us-west-185.railway.app\n    at GetAddrInfoReqWrap.onlookup [as oncomplete] (node:dns:107:26)",
    "syscall": "getaddrinfo"
}
{
    "code": "ENOTFOUND",
    "errno": -3008,
    "hostname": "containers-us-west-185.railway.app",
    "level": "error",
    "message": "Error during dataSource initialization. getaddrinfo ENOTFOUND containers-us-west-185.railway.app",
    "stack": "Error: getaddrinfo ENOTFOUND containers-us-west-185.railway.app\n    at GetAddrInfoReqWrap.onlookup [as oncomplete] (node:dns:107:26)",
    "syscall": "getaddrinfo"
}
{
    "level": "info",
    "message": "Data Source Initialized Successfully"
}
{
    "level": "info",
    "message": "HTTP V2 REST API server is now running on http://localhost:9003"
}
{
    "code": "SELF_SIGNED_CERT_IN_CHAIN",
    "level": "error",
    "message": "Error during dataSource initialization. self-signed certificate in certificate chain",
    "stack": "Error: self-signed certificate in certificate chain\n    at TLSSocket.onConnectSecure (node:_tls_wrap:1538:34)\n    at TLSSocket.emit (node:events:513:28)\n    at TLSSocket._finishInit (node:_tls_wrap:952:8)\n    at ssl.onhandshakedone (node:_tls_wrap:733:12)"
}
{
    "code": "SELF_SIGNED_CERT_IN_CHAIN",
    "level": "error",
    "message": "Error during dataSource initialization. self-signed certificate in certificate chain",
    "stack": "Error: self-signed certificate in certificate chain\n    at TLSSocket.onConnectSecure (node:_tls_wrap:1538:34)\n    at TLSSocket.emit (node:events:513:28)\n    at TLSSocket._finishInit (node:_tls_wrap:952:8)\n    at ssl.onhandshakedone (node:_tls_wrap:733:12)"
}
{
    "code": "SELF_SIGNED_CERT_IN_CHAIN",
    "level": "error",
    "message": "Error during dataSource initialization. self-signed certificate in certificate chain",
    "stack": "Error: self-signed certificate in certificate chain\n    at TLSSocket.onConnectSecure (node:_tls_wrap:1538:34)\n    at TLSSocket.emit (node:events:513:28)\n    at TLSSocket._finishInit (node:_tls_wrap:952:8)\n    at ssl.onhandshakedone (node:_tls_wrap:733:12)"
}
{
    "code": "SELF_SIGNED_CERT_IN_CHAIN",
    "level": "error",
    "message": "Error during dataSource initialization. self-signed certificate in certificate chain",
    "stack": "Error: self-signed certificate in certificate chain\n    at TLSSocket.onConnectSecure (node:_tls_wrap:1538:34)\n    at TLSSocket.emit (node:events:513:28)\n    at TLSSocket._finishInit (node:_tls_wrap:952:8)\n    at ssl.onhandshakedone (node:_tls_wrap:733:12)"
}
{
    "level": "info",
    "message": "Data Source Initialized Successfully"
}
{
    "level": "info",
    "message": "HTTP V2 REST API server is now running on http://localhost:9003"
}
{
    "level": "info",
    "message": "Data Source Initialized Successfully"
}
{
    "level": "info",
    "message": "HTTP V2 REST API server is now running on http://localhost:9003"
}
{
    "level": "info",
    "message": "Data Source Initialized Successfully"
}
{
    "level": "info",
    "message": "HTTP V2 REST API server is now running on http://localhost:9003"
}
{
    "level": "info",
    "message": "Data Source Initialized Successfully"
}
{
    "level": "info",
    "message": "HTTP V2 REST API server is now running on http://localhost:9003"
}
{
    "level": "info",
    "message": "Data Source Initialized Successfully"
}
{
    "level": "info",
    "message": "HTTP V2 REST API server is now running on http://localhost:9003"
}
{
    "level": "info",
    "message": "Data Source Initialized Successfully"
}
{
    "level": "info",
    "message": "HTTP V2 REST API server is now running on http://localhost:9003"
}
{
    "level": "info",
    "message": "Data Source Initialized Successfully"
}
{
    "level": "info",
    "message": "HTTP V2 REST API server is now running on http://localhost:9003"
}
{
    "level": "info",
    "message": "Data Source Initialized Successfully"
}
{
    "level": "info",
    "message": "HTTP V2 REST API server is now running on http://localhost:9003"
}
{
    "level": "info",
    "message": "Data Source Initialized Successfully"
}
{
    "level": "info",
    "message": "HTTP V2 REST API server is now running on http://localhost:9003"
}
{
    "level": "info",
    "message": "Data Source Initialized Successfully"
}
{
    "level": "info",
    "message": "HTTP V2 REST API server is now running on http://localhost:9003"
}
{
    "level": "debug",
    "message": "Called get all Courses endpoint"
}
{
    "level": "info",
    "message": "Data Source Initialized Successfully"
}
{
    "level": "info",
    "message": "HTTP V2 REST API server is now running on http://localhost:9003"
}
{
    "level": "debug",
    "message": "Called get all Courses endpoint"
}
{
    "level": "info",
    "message": "Data Source Initialized Successfully"
}
{
    "level": "info",
    "message": "HTTP V2 REST API server is now running on http://localhost:9003"
}
{
    "level": "debug",
    "message": "Called get all Courses endpoint"
}
{
    "level": "debug",
    "message": "Called get all Courses endpoint"
}
{
    "level": "debug",
    "message": "Called get all Courses endpoint"
}
{
    "level": "info",
    "message": "Data Source Initialized Successfully"
}
{
    "level": "info",
    "message": "HTTP V2 REST API server is now running on http://localhost:9003"
}
{
    "level": "debug",
    "message": "Called get all Courses endpoint"
}
{
    "level": "info",
    "message": "Data Source Initialized Successfully"
}
{
    "level": "info",
    "message": "HTTP V2 REST API server is now running on http://localhost:9003"
}
{
    "level": "debug",
    "message": "Called get all Courses endpoint"
}
{
    "level": "info",
    "message": "Data Source Initialized Successfully"
}
{
    "level": "info",
    "message": "HTTP V2 REST API server is now running on http://localhost:9003"
}
{
    "level": "info",
    "message": "Data Source Initialized Successfully"
}
{
    "level": "info",
    "message": "HTTP V2 REST API server is now running on http://localhost:9003"
}
{
    "level": "info",
    "message": "Data Source Initialized Successfully"
}
{
    "level": "info",
    "message": "HTTP V2 REST API server is now running on http://localhost:9003"
}
{
    "level": "debug",
    "message": "Called get all Courses endpoint"
}
{
    "level": "info",
    "message": "Data Source Initialized Successfully"
}
{
    "level": "info",
    "message": "HTTP V2 REST API server is now running on http://localhost:9003"
}
{
    "level": "info",
    "message": "Data Source Initialized Successfully"
}
{
    "level": "info",
    "message": "HTTP V2 REST API server is now running on http://localhost:9003"
}
{
    "level": "info",
    "message": "Data Source Initialized Successfully"
}
{
    "level": "info",
    "message": "HTTP V2 REST API server is now running on http://localhost:9003"
}
{
    "level": "info",
    "message": "Data Source Initialized Successfully"
}
{
    "level": "info",
    "message": "HTTP V2 REST API server is now running on http://localhost:9003"
}
{
    "code": "23502",
    "column": "url",
    "driverError": {
        "code": "23502",
        "column": "url",
        "file": "tablecmds.c",
        "length": 140,
        "line": "5443",
        "name": "error",
        "routine": "ATRewriteTable",
        "schema": "public",
        "severity": "ERROR",
        "table": "COURSES"
    },
    "file": "tablecmds.c",
    "length": 140,
    "level": "error",
    "line": "5443",
    "message": "Error during dataSource initialization. column \"url\" of relation \"COURSES\" contains null values",
    "query": "ALTER TABLE \"COURSES\" ADD \"url\" character varying NOT NULL",
    "routine": "ATRewriteTable",
    "schema": "public",
    "severity": "ERROR",
    "stack": "QueryFailedError: column \"url\" of relation \"COURSES\" contains null values\n    at PostgresQueryRunner.query (C:\\TypeScript\\NodeProject\\node_modules\\typeorm\\driver\\postgres\\PostgresQueryRunner.js:211:19)\n    at process.processTicksAndRejections (node:internal/process/task_queues:95:5)\n    at async PostgresQueryRunner.executeQueries (C:\\TypeScript\\NodeProject\\node_modules\\typeorm\\query-runner\\BaseQueryRunner.js:424:13)\n    at async PostgresQueryRunner.addColumn (C:\\TypeScript\\NodeProject\\node_modules\\typeorm\\driver\\postgres\\PostgresQueryRunner.js:679:9)\n    at async PostgresQueryRunner.addColumns (C:\\TypeScript\\NodeProject\\node_modules\\typeorm\\driver\\postgres\\PostgresQueryRunner.js:688:13)\n    at async RdbmsSchemaBuilder.addNewColumns (C:\\TypeScript\\NodeProject\\node_modules\\typeorm\\schema-builder\\RdbmsSchemaBuilder.js:554:13)\n    at async RdbmsSchemaBuilder.executeSchemaSyncOperationsInProperOrder (C:\\TypeScript\\NodeProject\\node_modules\\typeorm\\schema-builder\\RdbmsSchemaBuilder.js:168:9)\n    at async RdbmsSchemaBuilder.build (C:\\TypeScript\\NodeProject\\node_modules\\typeorm\\schema-builder\\RdbmsSchemaBuilder.js:66:13)\n    at async DataSource.synchronize (C:\\TypeScript\\NodeProject\\node_modules\\typeorm\\data-source\\DataSource.js:208:9)\n    at async DataSource.initialize (C:\\TypeScript\\NodeProject\\node_modules\\typeorm\\data-source\\DataSource.js:153:17)",
    "table": "COURSES"
}
{
    "code": "23502",
    "column": "url",
    "driverError": {
        "code": "23502",
        "column": "url",
        "file": "tablecmds.c",
        "length": 140,
        "line": "5443",
        "name": "error",
        "routine": "ATRewriteTable",
        "schema": "public",
        "severity": "ERROR",
        "table": "COURSES"
    },
    "file": "tablecmds.c",
    "length": 140,
    "level": "error",
    "line": "5443",
    "message": "Error during dataSource initialization. column \"url\" of relation \"COURSES\" contains null values",
    "query": "ALTER TABLE \"COURSES\" ADD \"url\" character varying NOT NULL",
    "routine": "ATRewriteTable",
    "schema": "public",
    "severity": "ERROR",
    "stack": "QueryFailedError: column \"url\" of relation \"COURSES\" contains null values\n    at PostgresQueryRunner.query (C:\\TypeScript\\NodeProject\\node_modules\\typeorm\\driver\\postgres\\PostgresQueryRunner.js:211:19)\n    at process.processTicksAndRejections (node:internal/process/task_queues:95:5)\n    at async PostgresQueryRunner.executeQueries (C:\\TypeScript\\NodeProject\\node_modules\\typeorm\\query-runner\\BaseQueryRunner.js:424:13)\n    at async PostgresQueryRunner.addColumn (C:\\TypeScript\\NodeProject\\node_modules\\typeorm\\driver\\postgres\\PostgresQueryRunner.js:679:9)\n    at async PostgresQueryRunner.addColumns (C:\\TypeScript\\NodeProject\\node_modules\\typeorm\\driver\\postgres\\PostgresQueryRunner.js:688:13)\n    at async RdbmsSchemaBuilder.addNewColumns (C:\\TypeScript\\NodeProject\\node_modules\\typeorm\\schema-builder\\RdbmsSchemaBuilder.js:554:13)\n    at async RdbmsSchemaBuilder.executeSchemaSyncOperationsInProperOrder (C:\\TypeScript\\NodeProject\\node_modules\\typeorm\\schema-builder\\RdbmsSchemaBuilder.js:168:9)\n    at async RdbmsSchemaBuilder.build (C:\\TypeScript\\NodeProject\\node_modules\\typeorm\\schema-builder\\RdbmsSchemaBuilder.js:66:13)\n    at async DataSource.synchronize (C:\\TypeScript\\NodeProject\\node_modules\\typeorm\\data-source\\DataSource.js:208:9)\n    at async DataSource.initialize (C:\\TypeScript\\NodeProject\\node_modules\\typeorm\\data-source\\DataSource.js:153:17)",
    "table": "COURSES"
}
{
    "code": "23502",
    "column": "url",
    "driverError": {
        "code": "23502",
        "column": "url",
        "file": "tablecmds.c",
        "length": 140,
        "line": "5443",
        "name": "error",
        "routine": "ATRewriteTable",
        "schema": "public",
        "severity": "ERROR",
        "table": "COURSES"
    },
    "file": "tablecmds.c",
    "length": 140,
    "level": "error",
    "line": "5443",
    "message": "Error during dataSource initialization. column \"url\" of relation \"COURSES\" contains null values",
    "query": "ALTER TABLE \"COURSES\" ADD \"url\" character varying NOT NULL",
    "routine": "ATRewriteTable",
    "schema": "public",
    "severity": "ERROR",
    "stack": "QueryFailedError: column \"url\" of relation \"COURSES\" contains null values\n    at PostgresQueryRunner.query (C:\\TypeScript\\NodeProject\\node_modules\\typeorm\\driver\\postgres\\PostgresQueryRunner.js:211:19)\n    at process.processTicksAndRejections (node:internal/process/task_queues:95:5)\n    at async PostgresQueryRunner.executeQueries (C:\\TypeScript\\NodeProject\\node_modules\\typeorm\\query-runner\\BaseQueryRunner.js:424:13)\n    at async PostgresQueryRunner.addColumn (C:\\TypeScript\\NodeProject\\node_modules\\typeorm\\driver\\postgres\\PostgresQueryRunner.js:679:9)\n    at async PostgresQueryRunner.addColumns (C:\\TypeScript\\NodeProject\\node_modules\\typeorm\\driver\\postgres\\PostgresQueryRunner.js:688:13)\n    at async RdbmsSchemaBuilder.addNewColumns (C:\\TypeScript\\NodeProject\\node_modules\\typeorm\\schema-builder\\RdbmsSchemaBuilder.js:554:13)\n    at async RdbmsSchemaBuilder.executeSchemaSyncOperationsInProperOrder (C:\\TypeScript\\NodeProject\\node_modules\\typeorm\\schema-builder\\RdbmsSchemaBuilder.js:168:9)\n    at async RdbmsSchemaBuilder.build (C:\\TypeScript\\NodeProject\\node_modules\\typeorm\\schema-builder\\RdbmsSchemaBuilder.js:66:13)\n    at async DataSource.synchronize (C:\\TypeScript\\NodeProject\\node_modules\\typeorm\\data-source\\DataSource.js:208:9)\n    at async DataSource.initialize (C:\\TypeScript\\NodeProject\\node_modules\\typeorm\\data-source\\DataSource.js:153:17)",
    "table": "COURSES"
}
{
    "code": "23502",
    "column": "url",
    "driverError": {
        "code": "23502",
        "column": "url",
        "file": "tablecmds.c",
        "length": 140,
        "line": "5443",
        "name": "error",
        "routine": "ATRewriteTable",
        "schema": "public",
        "severity": "ERROR",
        "table": "COURSES"
    },
    "file": "tablecmds.c",
    "length": 140,
    "level": "error",
    "line": "5443",
    "message": "Error during dataSource initialization. column \"url\" of relation \"COURSES\" contains null values",
    "query": "ALTER TABLE \"COURSES\" ADD \"url\" character varying NOT NULL",
    "routine": "ATRewriteTable",
    "schema": "public",
    "severity": "ERROR",
    "stack": "QueryFailedError: column \"url\" of relation \"COURSES\" contains null values\n    at PostgresQueryRunner.query (C:\\TypeScript\\NodeProject\\node_modules\\typeorm\\driver\\postgres\\PostgresQueryRunner.js:211:19)\n    at process.processTicksAndRejections (node:internal/process/task_queues:95:5)\n    at async PostgresQueryRunner.executeQueries (C:\\TypeScript\\NodeProject\\node_modules\\typeorm\\query-runner\\BaseQueryRunner.js:424:13)\n    at async PostgresQueryRunner.addColumn (C:\\TypeScript\\NodeProject\\node_modules\\typeorm\\driver\\postgres\\PostgresQueryRunner.js:679:9)\n    at async PostgresQueryRunner.addColumns (C:\\TypeScript\\NodeProject\\node_modules\\typeorm\\driver\\postgres\\PostgresQueryRunner.js:688:13)\n    at async RdbmsSchemaBuilder.addNewColumns (C:\\TypeScript\\NodeProject\\node_modules\\typeorm\\schema-builder\\RdbmsSchemaBuilder.js:554:13)\n    at async RdbmsSchemaBuilder.executeSchemaSyncOperationsInProperOrder (C:\\TypeScript\\NodeProject\\node_modules\\typeorm\\schema-builder\\RdbmsSchemaBuilder.js:168:9)\n    at async RdbmsSchemaBuilder.build (C:\\TypeScript\\NodeProject\\node_modules\\typeorm\\schema-builder\\RdbmsSchemaBuilder.js:66:13)\n    at async DataSource.synchronize (C:\\TypeScript\\NodeProject\\node_modules\\typeorm\\data-source\\DataSource.js:208:9)\n    at async DataSource.initialize (C:\\TypeScript\\NodeProject\\node_modules\\typeorm\\data-source\\DataSource.js:153:17)",
    "table": "COURSES"
}
{
    "code": "23502",
    "column": "url",
    "driverError": {
        "code": "23502",
        "column": "url",
        "file": "tablecmds.c",
        "length": 140,
        "line": "5443",
        "name": "error",
        "routine": "ATRewriteTable",
        "schema": "public",
        "severity": "ERROR",
        "table": "COURSES"
    },
    "file": "tablecmds.c",
    "length": 140,
    "level": "error",
    "line": "5443",
    "message": "Error during dataSource initialization. column \"url\" of relation \"COURSES\" contains null values",
    "query": "ALTER TABLE \"COURSES\" ADD \"url\" character varying NOT NULL",
    "routine": "ATRewriteTable",
    "schema": "public",
    "severity": "ERROR",
    "stack": "QueryFailedError: column \"url\" of relation \"COURSES\" contains null values\n    at PostgresQueryRunner.query (C:\\TypeScript\\NodeProject\\node_modules\\typeorm\\driver\\postgres\\PostgresQueryRunner.js:211:19)\n    at process.processTicksAndRejections (node:internal/process/task_queues:95:5)\n    at async PostgresQueryRunner.executeQueries (C:\\TypeScript\\NodeProject\\node_modules\\typeorm\\query-runner\\BaseQueryRunner.js:424:13)\n    at async PostgresQueryRunner.addColumn (C:\\TypeScript\\NodeProject\\node_modules\\typeorm\\driver\\postgres\\PostgresQueryRunner.js:679:9)\n    at async PostgresQueryRunner.addColumns (C:\\TypeScript\\NodeProject\\node_modules\\typeorm\\driver\\postgres\\PostgresQueryRunner.js:688:13)\n    at async RdbmsSchemaBuilder.addNewColumns (C:\\TypeScript\\NodeProject\\node_modules\\typeorm\\schema-builder\\RdbmsSchemaBuilder.js:554:13)\n    at async RdbmsSchemaBuilder.executeSchemaSyncOperationsInProperOrder (C:\\TypeScript\\NodeProject\\node_modules\\typeorm\\schema-builder\\RdbmsSchemaBuilder.js:168:9)\n    at async RdbmsSchemaBuilder.build (C:\\TypeScript\\NodeProject\\node_modules\\typeorm\\schema-builder\\RdbmsSchemaBuilder.js:66:13)\n    at async DataSource.synchronize (C:\\TypeScript\\NodeProject\\node_modules\\typeorm\\data-source\\DataSource.js:208:9)\n    at async DataSource.initialize (C:\\TypeScript\\NodeProject\\node_modules\\typeorm\\data-source\\DataSource.js:153:17)",
    "table": "COURSES"
}
{
    "code": "23502",
    "column": "url",
    "driverError": {
        "code": "23502",
        "column": "url",
        "file": "tablecmds.c",
        "length": 140,
        "line": "5443",
        "name": "error",
        "routine": "ATRewriteTable",
        "schema": "public",
        "severity": "ERROR",
        "table": "COURSES"
    },
    "file": "tablecmds.c",
    "length": 140,
    "level": "error",
    "line": "5443",
    "message": "Error during dataSource initialization. column \"url\" of relation \"COURSES\" contains null values",
    "query": "ALTER TABLE \"COURSES\" ADD \"url\" character varying NOT NULL",
    "routine": "ATRewriteTable",
    "schema": "public",
    "severity": "ERROR",
    "stack": "QueryFailedError: column \"url\" of relation \"COURSES\" contains null values\n    at PostgresQueryRunner.query (C:\\TypeScript\\NodeProject\\node_modules\\typeorm\\driver\\postgres\\PostgresQueryRunner.js:211:19)\n    at process.processTicksAndRejections (node:internal/process/task_queues:95:5)\n    at async PostgresQueryRunner.executeQueries (C:\\TypeScript\\NodeProject\\node_modules\\typeorm\\query-runner\\BaseQueryRunner.js:424:13)\n    at async PostgresQueryRunner.addColumn (C:\\TypeScript\\NodeProject\\node_modules\\typeorm\\driver\\postgres\\PostgresQueryRunner.js:679:9)\n    at async PostgresQueryRunner.addColumns (C:\\TypeScript\\NodeProject\\node_modules\\typeorm\\driver\\postgres\\PostgresQueryRunner.js:688:13)\n    at async RdbmsSchemaBuilder.addNewColumns (C:\\TypeScript\\NodeProject\\node_modules\\typeorm\\schema-builder\\RdbmsSchemaBuilder.js:554:13)\n    at async RdbmsSchemaBuilder.executeSchemaSyncOperationsInProperOrder (C:\\TypeScript\\NodeProject\\node_modules\\typeorm\\schema-builder\\RdbmsSchemaBuilder.js:168:9)\n    at async RdbmsSchemaBuilder.build (C:\\TypeScript\\NodeProject\\node_modules\\typeorm\\schema-builder\\RdbmsSchemaBuilder.js:66:13)\n    at async DataSource.synchronize (C:\\TypeScript\\NodeProject\\node_modules\\typeorm\\data-source\\DataSource.js:208:9)\n    at async DataSource.initialize (C:\\TypeScript\\NodeProject\\node_modules\\typeorm\\data-source\\DataSource.js:153:17)",
    "table": "COURSES"
}
{
    "level": "info",
    "message": "Data Source Initialized Successfully"
}
{
    "level": "info",
    "message": "HTTP V2 REST API server is now running on http://localhost:9003"
}
{
    "level": "info",
    "message": "Data Source Initialized Successfully"
}
{
    "level": "info",
    "message": "HTTP V2 REST API server is now running on http://localhost:9003"
}
{
    "level": "info",
    "message": "Data Source Initialized Successfully"
}
{
    "level": "info",
    "message": "HTTP V2 REST API server is now running on http://localhost:9003"
}
{
    "level": "info",
    "message": "Data Source Initialized Successfully"
}
{
    "level": "info",
    "message": "HTTP V2 REST API server is now running on http://localhost:9003"
}
{
    "level": "debug",
    "message": "Called get Course by Id endpoint"
}
{
    "level": "error",
    "message": "Error Calling getCourseByID()"
}
{
    "level": "error",
    "message": "Error Calling getCourseByID()"
}
{
    "level": "debug",
    "message": "Called get Course by Id endpoint"
}
{
    "level": "error",
    "message": "Error Calling getCourseByID()"
}
{
    "level": "error",
    "message": "Error Calling getCourseByID()"
}
{
    "level": "info",
    "message": "Data Source Initialized Successfully"
}
{
    "level": "info",
    "message": "HTTP V2 REST API server is now running on http://localhost:9003"
}
{
    "level": "debug",
    "message": "Called get Course by Id endpoint"
}
{
    "level": "info",
    "message": "courseUrlundefined"
}
{
    "level": "error",
    "message": "Error Calling getCourseByID()"
}
{
    "level": "error",
    "message": "Error Calling getCourseByID()"
}
{
    "level": "debug",
    "message": "Called get Course by Id endpoint"
}
{
    "level": "info",
    "message": "courseUrlundefined"
}
{
    "level": "error",
    "message": "Error Calling getCourseByID()"
}
{
    "level": "error",
    "message": "Error Calling getCourseByID()"
}
{
    "level": "debug",
    "message": "Called get Course by Id endpoint"
}
{
    "level": "info",
    "message": "courseUrlundefined"
}
{
    "level": "error",
    "message": "Error Calling getCourseByID()"
}
{
    "level": "error",
    "message": "Error Calling getCourseByID()"
}
{
    "level": "debug",
    "message": "Called get Course by Id endpoint"
}
{
    "level": "info",
    "message": "courseUrlundefined"
}
{
    "level": "error",
    "message": "Error Calling getCourseByID()"
}
{
    "level": "error",
    "message": "Error Calling getCourseByID()"
}
{
    "level": "debug",
    "message": "Called get Course by Id endpoint"
}
{
    "level": "info",
    "message": "courseUrlundefined"
}
{
    "level": "error",
    "message": "Error Calling getCourseByID()"
}
{
    "level": "error",
    "message": "Error Calling getCourseByID()"
}
{
    "level": "info",
    "message": "Data Source Initialized Successfully"
}
{
    "level": "info",
    "message": "HTTP V2 REST API server is now running on http://localhost:9003"
}
{
    "level": "debug",
    "message": "Called get Course by Id endpoint"
}
{
    "level": "error",
    "message": "Error Calling getCourseByID()"
}
{
    "level": "error",
    "message": "Error Calling getCourseByID()"
}
{
    "level": "info",
    "message": "Data Source Initialized Successfully"
}
{
    "level": "info",
    "message": "HTTP V2 REST API server is now running on http://localhost:9003"
}
{
    "level": "debug",
    "message": "Called get Course by Id endpoint"
}
{
    "level": "info",
    "message": "courseUrltypescript-bootcamp"
}
{
    "level": "error",
    "message": "Error Calling getCourseByID()"
}
{
    "level": "error",
    "message": "Error Calling getCourseByID()"
}
{
    "level": "info",
    "message": "Data Source Initialized Successfully"
}
{
    "level": "info",
    "message": "HTTP V2 REST API server is now running on http://localhost:9003"
}
{
    "level": "info",
    "message": "Data Source Initialized Successfully"
}
{
    "level": "info",
    "message": "HTTP V2 REST API server is now running on http://localhost:9003"
}
{
    "level": "info",
    "message": "Data Source Initialized Successfully"
}
{
    "level": "info",
    "message": "HTTP V2 REST API server is now running on http://localhost:9003"
}
{
    "level": "debug",
    "message": "Called get Course by Id endpoint"
}
{
    "level": "info",
    "message": "courseUrltypescript-bootcamp"
}
{
    "level": "error",
    "message": "Error Calling getCourseByID()"
}
{
    "level": "error",
    "message": "Error Calling getCourseByID()"
}
{
    "level": "info",
    "message": "Data Source Initialized Successfully"
}
{
    "level": "info",
    "message": "HTTP V2 REST API server is now running on http://localhost:9003"
}
{
    "level": "info",
    "message": "Data Source Initialized Successfully"
}
{
    "level": "info",
    "message": "HTTP V2 REST API server is now running on http://localhost:9003"
}
{
    "level": "info",
    "message": "Data Source Initialized Successfully"
}
{
    "level": "info",
    "message": "HTTP V2 REST API server is now running on http://localhost:9003"
}
{
    "level": "info",
    "message": "Data Source Initialized Successfully"
}
{
    "level": "info",
    "message": "HTTP V2 REST API server is now running on http://localhost:9003"
}
{
    "level": "info",
    "message": "Data Source Initialized Successfully"
}
{
    "level": "info",
    "message": "HTTP V2 REST API server is now running on http://localhost:9003"
}
{
    "level": "info",
    "message": "Data Source Initialized Successfully"
}
{
    "level": "info",
    "message": "HTTP V2 REST API server is now running on http://localhost:9003"
}
{
    "level": "debug",
    "message": "Called get Course by Id endpoint"
}
{
    "level": "info",
    "message": "courseUrl21"
}
{
    "level": "error",
    "message": "Error Calling getCourseByID()"
}
{
    "level": "error",
    "message": "Error Calling getCourseByID()"
}
{
    "level": "debug",
    "message": "Called get Course by Id endpoint"
}
{
    "level": "info",
    "message": "courseUrl27"
}
{
    "level": "error",
    "message": "Error Calling getCourseByID()"
}
{
    "level": "error",
    "message": "Error Calling getCourseByID()"
}
{
    "level": "debug",
    "message": "Called get Course by Id endpoint"
}
{
    "level": "info",
    "message": "courseUrlangular-forms-course"
}
{
    "level": "debug",
    "message": "Called get Course by Id endpoint"
}
{
    "level": "info",
    "message": "courseUrlangular-forms-course"
}
{
    "level": "info",
    "message": "Data Source Initialized Successfully"
}
{
    "level": "info",
    "message": "HTTP V2 REST API server is now running on http://localhost:9003"
}
{
    "level": "info",
    "message": "Data Source Initialized Successfully"
}
{
    "level": "info",
    "message": "HTTP V2 REST API server is now running on http://localhost:9003"
}
{
    "level": "info",
    "message": "Data Source Initialized Successfully"
}
{
    "level": "info",
    "message": "HTTP V2 REST API server is now running on http://localhost:9003"
}
{
    "level": "debug",
    "message": "Called get Course by Id endpoint"
}
{
    "level": "error",
    "message": "Error Calling getCourseByID()"
}
{
    "level": "error",
    "message": "Error Calling getCourseByID()"
}
{
    "level": "debug",
    "message": "Called get Course by Id endpoint"
}
{
    "level": "error",
    "message": "Error Calling getCourseByID()"
}
{
    "level": "error",
    "message": "Error Calling getCourseByID()"
}
{
    "level": "debug",
    "message": "Called get Course by Id endpoint"
}
{
    "level": "error",
    "message": "Error Calling getCourseByID()"
}
{
    "level": "error",
    "message": "Error Calling getCourseByID()"
}
{
    "level": "debug",
    "message": "Called get all Courses endpoint"
}
{
    "level": "debug",
    "message": "Called get Course by Id endpoint"
}
{
    "level": "error",
    "message": "Error Calling getCourseByID()"
}
{
    "level": "error",
    "message": "Error Calling getCourseByID()"
}
{
    "level": "info",
    "message": "Data Source Initialized Successfully"
}
{
    "level": "info",
    "message": "HTTP V2 REST API server is now running on http://localhost:9003"
}
{
    "level": "debug",
    "message": "Called get Course by Id endpoint"
}
{
    "level": "info",
    "message": "courseUrlangular-pwa-course"
}
{
    "level": "debug",
    "message": "Called get Course by Id endpoint"
}
{
    "level": "info",
    "message": "courseUrlangular-security-course"
}
{
    "level": "info",
    "message": "Data Source Initialized Successfully"
}
{
    "level": "info",
    "message": "HTTP V2 REST API server is now running on http://localhost:9003"
}
{
    "level": "info",
    "message": "Data Source Initialized Successfully"
}
{
    "level": "info",
    "message": "HTTP V2 REST API server is now running on http://localhost:9003"
}
{
    "level": "info",
    "message": "Data Source Initialized Successfully"
}
{
    "level": "info",
    "message": "HTTP V2 REST API server is now running on http://localhost:9003"
}
{
    "level": "info",
    "message": "Data Source Initialized Successfully"
}
{
    "level": "info",
    "message": "HTTP V2 REST API server is now running on http://localhost:9003"
}
{
    "level": "info",
    "message": "Data Source Initialized Successfully"
}
{
    "level": "info",
    "message": "HTTP V2 REST API server is now running on http://localhost:9003"
}
{
    "level": "info",
    "message": "Data Source Initialized Successfully"
}
{
    "level": "info",
    "message": "HTTP V2 REST API server is now running on http://localhost:9003"
}
{
    "level": "debug",
    "message": "Called get Course by Id endpoint"
}
{
    "level": "error",
    "message": "Error Calling getCourseByID()"
}
{
    "level": "error",
    "message": "Error Calling getCourseByID()"
}
{
    "level": "debug",
    "message": "Called get Course by Id endpoint"
}
{
    "level": "error",
    "message": "Error Calling getCourseByID()"
}
{
    "level": "error",
    "message": "Error Calling getCourseByID()"
}
{
    "level": "info",
    "message": "Data Source Initialized Successfully"
}
{
    "level": "info",
    "message": "HTTP V2 REST API server is now running on http://localhost:9003"
}
{
    "level": "debug",
    "message": "Called get Course by Id endpoint"
}
{
    "level": "error",
    "message": "Error Calling getCourseByID()"
}
{
    "level": "error",
    "message": "Error Calling getCourseByID()"
}
{
    "level": "info",
    "message": "Data Source Initialized Successfully"
}
{
    "level": "info",
    "message": "HTTP V2 REST API server is now running on http://localhost:9003"
}
{
    "level": "debug",
    "message": "Called FindLessonsForCourse endpoint"
}
{
    "level": "error",
    "message": "Error Calling FindLessonsForCourse()"
}
{
    "level": "error",
    "message": "Error Calling FindLessonsForCourse()"
}
{
    "level": "debug",
    "message": "Called FindLessonsForCourse endpoint"
}
{
    "level": "error",
    "message": "Error Calling FindLessonsForCourse()"
}
{
    "level": "error",
    "message": "Error Calling FindLessonsForCourse()"
}
{
    "level": "debug",
    "message": "Called FindLessonsForCourse endpoint"
}
{
    "level": "error",
    "message": "Error Calling FindLessonsForCourse()"
}
{
    "level": "error",
    "message": "Error Calling FindLessonsForCourse()"
}
{
    "level": "info",
    "message": "Data Source Initialized Successfully"
}
{
    "level": "info",
    "message": "HTTP V2 REST API server is now running on http://localhost:9003"
}
{
    "level": "debug",
    "message": "Called FindLessonsForCourse endpoint"
}
{
    "level": "error",
    "message": "Error Calling FindLessonsForCourse()"
}
{
    "level": "error",
    "message": "Error Calling FindLessonsForCourse()"
}
{
    "level": "info",
    "message": "Data Source Initialized Successfully"
}
{
    "level": "info",
    "message": "HTTP V2 REST API server is now running on http://localhost:9003"
}
{
    "level": "debug",
    "message": "Called FindLessonsForCourse endpoint"
}
{
    "level": "error",
    "message": "Error Calling FindLessonsForCourse()"
}
{
    "level": "error",
    "message": "Error Calling FindLessonsForCourse()"
}
{
    "level": "info",
    "message": "Data Source Initialized Successfully"
}
{
    "level": "info",
    "message": "HTTP V2 REST API server is now running on http://localhost:9003"
}
{
    "level": "debug",
    "message": "Called FindLessonsForCourse endpoint"
}
{
    "level": "error",
    "message": "Error Calling FindLessonsForCourse()"
}
{
    "level": "error",
    "message": "Error Calling FindLessonsForCourse()"
}
{
    "level": "info",
    "message": "Data Source Initialized Successfully"
}
{
    "level": "info",
    "message": "HTTP V2 REST API server is now running on http://localhost:9003"
}
{
    "level": "debug",
    "message": "Called FindLessonsForCourse endpoint"
}
{
    "level": "error",
    "message": "Error Calling FindLessonsForCourse()"
}
{
    "level": "error",
    "message": "Error Calling FindLessonsForCourse()"
}
{
    "level": "info",
    "message": "Data Source Initialized Successfully"
}
{
    "level": "info",
    "message": "HTTP V2 REST API server is now running on http://localhost:9003"
}
{
    "level": "debug",
    "message": "Called FindLessonsForCourse endpoint"
}
{
    "level": "info",
    "message": "Data Source Initialized Successfully"
}
{
    "level": "info",
    "message": "HTTP V2 REST API server is now running on http://localhost:9003"
}
{
    "level": "info",
    "message": "Data Source Initialized Successfully"
}
{
    "level": "info",
    "message": "HTTP V2 REST API server is now running on http://localhost:9003"
}
{
    "level": "info",
    "message": "Data Source Initialized Successfully"
}
{
    "level": "info",
    "message": "HTTP V2 REST API server is now running on http://localhost:9003"
}
{
    "level": "info",
    "message": "Data Source Initialized Successfully"
}
{
    "level": "info",
    "message": "HTTP V2 REST API server is now running on http://localhost:9003"
}
{
    "level": "info",
    "message": "Data Source Initialized Successfully"
}
{
    "level": "info",
    "message": "HTTP V2 REST API server is now running on http://localhost:9003"
}
